This is XeTeX, Version 3.14159265-2.6-0.99991 (TeX Live 2014) (preloaded format=xelatex 2014.5.25)  18 MAR 2016 13:52
entering extended mode
 restricted \write18 enabled.
 file:line:error style messages enabled.
 %&-line parsing enabled.
**OIT_Thesis.tex
(./OIT_Thesis.tex
LaTeX2e <2014/05/01>
Babel <3.9k> and hyphenation patterns for 78 languages loaded.
(/usr/local/texlive/2014/texmf-dist/tex/latex/IEEEtran/IEEEtran.cls
Document Class: IEEEtran 2012/12/27 V1.8 by Michael Shell
-- See the "IEEEtran_HOWTO" manual for usage information.
-- http://www.michaelshell.org/tex/ieeetran/
\@IEEEtrantmpdimenA=\dimen102
\@IEEEtrantmpdimenB=\dimen103
\@IEEEtrantmpcountA=\count80
\@IEEEtrantmpcountB=\count81
\@IEEEtrantmptoksA=\toks14
LaTeX Font Info:    Try loading font information for OT1+ptm on input line 368.

(/usr/local/texlive/2014/texmf-dist/tex/latex/psnfss/ot1ptm.fd
File: ot1ptm.fd 2001/06/04 font definitions for OT1/ptm.
)
-- Using 8.5in x 11in (letter) paper.
-- Using DVI output.
\@IEEEnormalsizeunitybaselineskip=\dimen104
-- This is a 12 point document.
\CLASSINFOnormalsizebaselineskip=\dimen105
\CLASSINFOnormalsizeunitybaselineskip=\dimen106
\IEEEnormaljot=\dimen107
LaTeX Font Info:    Font shape `OT1/ptm/bx/n' in size <6> not available
(Font)              Font shape `OT1/ptm/b/n' tried instead on input line 726.
LaTeX Font Info:    Font shape `OT1/ptm/bx/it' in size <6> not available
(Font)              Font shape `OT1/ptm/b/it' tried instead on input line 726.
LaTeX Font Info:    Font shape `OT1/ptm/bx/n' in size <8> not available
(Font)              Font shape `OT1/ptm/b/n' tried instead on input line 726.
LaTeX Font Info:    Font shape `OT1/ptm/bx/it' in size <8> not available
(Font)              Font shape `OT1/ptm/b/it' tried instead on input line 726.
LaTeX Font Info:    Font shape `OT1/ptm/bx/n' in size <9> not available
(Font)              Font shape `OT1/ptm/b/n' tried instead on input line 726.
LaTeX Font Info:    Font shape `OT1/ptm/bx/it' in size <9> not available
(Font)              Font shape `OT1/ptm/b/it' tried instead on input line 726.
LaTeX Font Info:    Font shape `OT1/ptm/bx/n' in size <10> not available
(Font)              Font shape `OT1/ptm/b/n' tried instead on input line 726.
LaTeX Font Info:    Font shape `OT1/ptm/bx/it' in size <10> not available
(Font)              Font shape `OT1/ptm/b/it' tried instead on input line 726.
LaTeX Font Info:    Font shape `OT1/ptm/bx/n' in size <12> not available
(Font)              Font shape `OT1/ptm/b/n' tried instead on input line 726.
LaTeX Font Info:    Font shape `OT1/ptm/bx/it' in size <12> not available
(Font)              Font shape `OT1/ptm/b/it' tried instead on input line 726.
LaTeX Font Info:    Font shape `OT1/ptm/bx/n' in size <14> not available
(Font)              Font shape `OT1/ptm/b/n' tried instead on input line 726.
LaTeX Font Info:    Font shape `OT1/ptm/bx/it' in size <14> not available
(Font)              Font shape `OT1/ptm/b/it' tried instead on input line 726.
LaTeX Font Info:    Font shape `OT1/ptm/bx/n' in size <20> not available
(Font)              Font shape `OT1/ptm/b/n' tried instead on input line 726.
LaTeX Font Info:    Font shape `OT1/ptm/bx/it' in size <20> not available
(Font)              Font shape `OT1/ptm/b/it' tried instead on input line 726.
LaTeX Font Info:    Font shape `OT1/ptm/bx/n' in size <22> not available
(Font)              Font shape `OT1/ptm/b/n' tried instead on input line 726.
LaTeX Font Info:    Font shape `OT1/ptm/bx/it' in size <22> not available
(Font)              Font shape `OT1/ptm/b/it' tried instead on input line 726.
LaTeX Font Info:    Font shape `OT1/ptm/bx/n' in size <24> not available
(Font)              Font shape `OT1/ptm/b/n' tried instead on input line 726.
LaTeX Font Info:    Font shape `OT1/ptm/bx/it' in size <24> not available
(Font)              Font shape `OT1/ptm/b/it' tried instead on input line 726.
\IEEEilabelindentA=\dimen108
\IEEEilabelindentB=\dimen109
\IEEEilabelindent=\dimen110
\IEEEelabelindent=\dimen111
\IEEEdlabelindent=\dimen112
\IEEElabelindent=\dimen113
\IEEEiednormlabelsep=\dimen114
\IEEEiedmathlabelsep=\dimen115
\IEEEiedtopsep=\skip41
\c@section=\count82
\c@subsection=\count83
\c@subsubsection=\count84
\c@paragraph=\count85
\c@IEEEsubequation=\count86
\abovecaptionskip=\skip42
\belowcaptionskip=\skip43
\c@figure=\count87
\c@table=\count88
\@IEEEeqnnumcols=\count89
\@IEEEeqncolcnt=\count90
\@IEEEsubeqnnumrollback=\count91
\@IEEEtmpitemindent=\dimen116
\c@IEEEbiography=\count92
\@IEEEtranrubishbin=\box26
) (/usr/local/texlive/2014/texmf-dist/tex/latex/tools/array.sty
Package: array 2008/09/09 v2.4c Tabular extension package (FMi)
\col@sep=\dimen117
\extrarowheight=\dimen118
\NC@list=\toks15
\extratabsurround=\skip44
\backup@length=\skip45
)
(/usr/local/texlive/2014/texmf-dist/tex/latex/booktabs/booktabs.sty
Package: booktabs 2005/04/14 v1.61803 publication quality tables
\heavyrulewidth=\dimen119
\lightrulewidth=\dimen120
\cmidrulewidth=\dimen121
\belowrulesep=\dimen122
\belowbottomsep=\dimen123
\aboverulesep=\dimen124
\abovetopsep=\dimen125
\cmidrulesep=\dimen126
\cmidrulekern=\dimen127
\defaultaddspace=\dimen128
\@cmidla=\count93
\@cmidlb=\count94
\@aboverulesep=\dimen129
\@belowrulesep=\dimen130
\@thisruleclass=\count95
\@lastruleclass=\count96
\@thisrulewidth=\dimen131
)
(/usr/local/texlive/2014/texmf-dist/tex/latex/cite/cite.sty
LaTeX Info: Redefining \cite on input line 302.
LaTeX Info: Redefining \nocite on input line 373.
Package: cite 2010/09/10  v 5.3
)
(/usr/local/texlive/2014/texmf-dist/tex/latex/enumitem/enumitem.sty
Package: enumitem 2011/09/28 v3.5.2 Customized lists
\enitkv@toks@=\toks16
\labelindent=\skip46
\enit@outerparindent=\dimen132
\enit@toks=\toks17
\enit@inbox=\box27
\enitdp@description=\count97
)
(/usr/local/texlive/2014/texmf-dist/tex/latex/oberdiek/epstopdf.sty
Package: epstopdf 2010/02/09 v2.5 Conversion with epstopdf on the fly (HO)

(/usr/local/texlive/2014/texmf-dist/tex/latex/oberdiek/epstopdf-base.sty
Package: epstopdf-base 2010/02/09 v2.5 Base part for package epstopdf

(/usr/local/texlive/2014/texmf-dist/tex/generic/oberdiek/infwarerr.sty
Package: infwarerr 2010/04/08 v1.3 Providing info/warning/error messages (HO)
)
(/usr/local/texlive/2014/texmf-dist/tex/latex/oberdiek/grfext.sty
Package: grfext 2010/08/19 v1.1 Manage graphics extensions (HO)

(/usr/local/texlive/2014/texmf-dist/tex/generic/oberdiek/kvdefinekeys.sty
Package: kvdefinekeys 2011/04/07 v1.3 Define keys (HO)

(/usr/local/texlive/2014/texmf-dist/tex/generic/oberdiek/ltxcmds.sty
Package: ltxcmds 2011/11/09 v1.22 LaTeX kernel commands for general use (HO)
)))
(/usr/local/texlive/2014/texmf-dist/tex/latex/oberdiek/kvoptions.sty
Package: kvoptions 2011/06/30 v3.11 Key value format for package options (HO)

(/usr/local/texlive/2014/texmf-dist/tex/latex/graphics/keyval.sty
Package: keyval 2014/05/08 v1.15 key=value parser (DPC)
\KV@toks@=\toks18
)
(/usr/local/texlive/2014/texmf-dist/tex/generic/oberdiek/kvsetkeys.sty
Package: kvsetkeys 2012/04/25 v1.16 Key value parser (HO)

(/usr/local/texlive/2014/texmf-dist/tex/generic/oberdiek/etexcmds.sty
Package: etexcmds 2011/02/16 v1.5 Avoid name clashes with e-TeX commands (HO)

(/usr/local/texlive/2014/texmf-dist/tex/generic/oberdiek/ifluatex.sty
Package: ifluatex 2010/03/01 v1.3 Provides the ifluatex switch (HO)
Package ifluatex Info: LuaTeX not detected.
)
Package etexcmds Info: Could not find \expanded.
(etexcmds)             That can mean that you are not using pdfTeX 1.50 or
(etexcmds)             that some package has redefined \expanded.
(etexcmds)             In the latter case, load this package earlier.
)))
(/usr/local/texlive/2014/texmf-dist/tex/generic/oberdiek/pdftexcmds.sty
Package: pdftexcmds 2011/11/29 v0.20 Utility functions of pdfTeX for LuaTeX (HO
)

(/usr/local/texlive/2014/texmf-dist/tex/generic/oberdiek/ifpdf.sty
Package: ifpdf 2011/01/30 v2.3 Provides the ifpdf switch (HO)
Package ifpdf Info: pdfTeX in PDF mode is not detected.
)
Package pdftexcmds Info: LuaTeX not detected.
Package pdftexcmds Info: pdfTeX >= 1.30 not detected.
Package pdftexcmds Info: \pdf@primitive is available.
Package pdftexcmds Info: \pdf@ifprimitive is available.
Package pdftexcmds Info: \pdfdraftmode not found.
)

Package epstopdf Warning: No graphics package `graphic{s,x}' loaded.

)) (/usr/local/texlive/2014/texmf-dist/tex/latex/fancyhdr/fancyhdr.sty
\fancy@headwidth=\skip47
\f@ncyO@elh=\skip48
\f@ncyO@erh=\skip49
\f@ncyO@olh=\skip50
\f@ncyO@orh=\skip51
\f@ncyO@elf=\skip52
\f@ncyO@erf=\skip53
\f@ncyO@olf=\skip54
\f@ncyO@orf=\skip55
)
(/usr/local/texlive/2014/texmf-dist/tex/latex/float/float.sty
Package: float 2001/11/08 v1.3d Float enhancements (AL)
\c@float@type=\count98
\float@exts=\toks19
\float@box=\box28
\@float@everytoks=\toks20
\@floatcapt=\box29
)
(/usr/local/texlive/2014/texmf-dist/tex/latex/graphics/graphicx.sty
Package: graphicx 2014/04/25 v1.0g Enhanced LaTeX Graphics (DPC,SPQR)

(/usr/local/texlive/2014/texmf-dist/tex/latex/graphics/graphics.sty
Package: graphics 2009/02/05 v1.0o Standard LaTeX Graphics (DPC,SPQR)

(/usr/local/texlive/2014/texmf-dist/tex/latex/graphics/trig.sty
Package: trig 1999/03/16 v1.09 sin cos tan (DPC)
)
(/usr/local/texlive/2014/texmf-dist/tex/latex/latexconfig/graphics.cfg
File: graphics.cfg 2010/04/23 v1.9 graphics configuration of TeX Live
)
Package graphics Info: Driver file: xetex.def on input line 91.

(/usr/local/texlive/2014/texmf-dist/tex/xelatex/xetex-def/xetex.def
File: xetex.def 2014/04/28 v4.01 LaTeX color/graphics driver for XeTeX (RRM/JK)

))
\Gin@req@height=\dimen133
\Gin@req@width=\dimen134
)
(/usr/local/texlive/2014/texmf-dist/tex/latex/lipsum/lipsum.sty
Package: lipsum 2011/04/14 v1.2 150 paragraphs of Lorem Ipsum dummy text
\c@lips@count=\count99
)
(/usr/local/texlive/2014/texmf-dist/tex/latex/graphics/lscape.sty
Package: lscape 2000/10/22 v3.01 Landscape Pages (DPC)
)
(/usr/local/texlive/2014/texmf-dist/tex/latex/mh/mathtools.sty
Package: mathtools 2014/05/21 v1.14 mathematical typesetting tools

(/usr/local/texlive/2014/texmf-dist/tex/latex/tools/calc.sty
Package: calc 2007/08/22 v4.3 Infix arithmetic (KKT,FJ)
\calc@Acount=\count100
\calc@Bcount=\count101
\calc@Adimen=\dimen135
\calc@Bdimen=\dimen136
\calc@Askip=\skip56
\calc@Bskip=\skip57
LaTeX Info: Redefining \setlength on input line 75.
LaTeX Info: Redefining \addtolength on input line 76.
\calc@Ccount=\count102
\calc@Cskip=\skip58
)
(/usr/local/texlive/2014/texmf-dist/tex/latex/mh/mhsetup.sty
Package: mhsetup 2010/01/21 v1.2a programming setup (MH)
)
(/usr/local/texlive/2014/texmf-dist/tex/latex/amsmath/amsmath.sty
Package: amsmath 2013/01/14 v2.14 AMS math features
\@mathmargin=\skip59

For additional information on amsmath, use the `?' option.
(/usr/local/texlive/2014/texmf-dist/tex/latex/amsmath/amstext.sty
Package: amstext 2000/06/29 v2.01

(/usr/local/texlive/2014/texmf-dist/tex/latex/amsmath/amsgen.sty
File: amsgen.sty 1999/11/30 v2.0
\@emptytoks=\toks21
\ex@=\dimen137
))
(/usr/local/texlive/2014/texmf-dist/tex/latex/amsmath/amsbsy.sty
Package: amsbsy 1999/11/29 v1.2d
\pmbraise@=\dimen138
)
(/usr/local/texlive/2014/texmf-dist/tex/latex/amsmath/amsopn.sty
Package: amsopn 1999/12/14 v2.01 operator names
)
\inf@bad=\count103
LaTeX Info: Redefining \frac on input line 210.
\uproot@=\count104
\leftroot@=\count105
LaTeX Info: Redefining \overline on input line 306.
\classnum@=\count106
\DOTSCASE@=\count107
LaTeX Info: Redefining \ldots on input line 378.
LaTeX Info: Redefining \dots on input line 381.
LaTeX Info: Redefining \cdots on input line 466.
\Mathstrutbox@=\box30
\strutbox@=\box31
\big@size=\dimen139
LaTeX Font Info:    Redeclaring font encoding OML on input line 566.
LaTeX Font Info:    Redeclaring font encoding OMS on input line 567.
\macc@depth=\count108
\c@MaxMatrixCols=\count109
\dotsspace@=\muskip10
\c@parentequation=\count110
\dspbrk@lvl=\count111
\tag@help=\toks22
\row@=\count112
\column@=\count113
\maxfields@=\count114
\andhelp@=\toks23
\eqnshift@=\dimen140
\alignsep@=\dimen141
\tagshift@=\dimen142
\tagwidth@=\dimen143
\totwidth@=\dimen144
\lineht@=\dimen145
\@envbody=\toks24
\multlinegap=\skip60
\multlinetaggap=\skip61
\mathdisplay@stack=\toks25
LaTeX Info: Redefining \[ on input line 2665.
LaTeX Info: Redefining \] on input line 2666.
)
LaTeX Info: Thecontrolsequence`\['isalreadyrobust on input line 129.
LaTeX Info: Thecontrolsequence`\]'isalreadyrobust on input line 129.
\g_MT_multlinerow_int=\count115
\l_MT_multwidth_dim=\dimen146
\origjot=\skip62
\l_MT_shortvdotswithinadjustabove_dim=\dimen147
\l_MT_shortvdotswithinadjustbelow_dim=\dimen148
\l_MT_above_intertext_sep=\dimen149
\l_MT_below_intertext_sep=\dimen150
\l_MT_above_shortintertext_sep=\dimen151
\l_MT_below_shortintertext_sep=\dimen152
)
(./mcode.sty
-- Package: `mcode' 2.5 <2014/03/06> --
Package: mcode 2014/03/06 2.5
 - settings optimized for display (colour formating)
(/usr/local/texlive/2014/texmf-dist/tex/latex/xcolor/xcolor.sty
Package: xcolor 2007/01/21 v2.11 LaTeX color extensions (UK)

(/usr/local/texlive/2014/texmf-dist/tex/latex/latexconfig/color.cfg
File: color.cfg 2007/01/18 v1.5 color configuration of teTeX/TeXLive
)
Package xcolor Info: Driver file: xetex.def on input line 225.
Package xcolor Info: Model `cmy' substituted by `cmy0' on input line 1337.
Package xcolor Info: Model `RGB' extended on input line 1353.
Package xcolor Info: Model `HTML' substituted by `rgb' on input line 1355.
Package xcolor Info: Model `Hsb' substituted by `hsb' on input line 1356.
Package xcolor Info: Model `tHsb' substituted by `hsb' on input line 1357.
Package xcolor Info: Model `HSB' substituted by `hsb' on input line 1358.
Package xcolor Info: Model `Gray' substituted by `gray' on input line 1359.
Package xcolor Info: Model `wave' substituted by `hsb' on input line 1360.
)
(/usr/local/texlive/2014/texmf-dist/tex/latex/listings/listings.sty
\lst@mode=\count116
\lst@gtempboxa=\box32
\lst@token=\toks26
\lst@length=\count117
\lst@currlwidth=\dimen153
\lst@column=\count118
\lst@pos=\count119
\lst@lostspace=\dimen154
\lst@width=\dimen155
\lst@newlines=\count120
\lst@lineno=\count121
\lst@maxwidth=\dimen156

(/usr/local/texlive/2014/texmf-dist/tex/latex/listings/lstmisc.sty
File: lstmisc.sty 2014/03/04 1.5c (Carsten Heinz)
\c@lstnumber=\count122
\lst@skipnumbers=\count123
\lst@framebox=\box33
)
(/usr/local/texlive/2014/texmf-dist/tex/latex/listings/listings.cfg
File: listings.cfg 2014/03/04 1.5c listings configuration
))
Package: listings 2014/03/04 1.5c (Carsten Heinz)

(/usr/local/texlive/2014/texmf-dist/tex/latex/base/textcomp.sty
Package: textcomp 2005/09/27 v1.99g Standard LaTeX package
Package textcomp Info: Sub-encoding information:
(textcomp)               5 = only ISO-Adobe without \textcurrency
(textcomp)               4 = 5 + \texteuro
(textcomp)               3 = 4 + \textohm
(textcomp)               2 = 3 + \textestimated + \textcurrency
(textcomp)               1 = TS1 - \textcircled - \t
(textcomp)               0 = TS1 (full)
(textcomp)             Font families with sub-encoding setting implement
(textcomp)             only a restricted character set as indicated.
(textcomp)             Family '?' is the default used for unknown fonts.
(textcomp)             See the documentation for details.
Package textcomp Info: Setting ? sub-encoding to TS1/1 on input line 71.

(/usr/local/texlive/2014/texmf-dist/tex/latex/base/ts1enc.def
File: ts1enc.def 2001/06/05 v3.0e (jk/car/fm) Standard LaTeX file
)
LaTeX Info: Redefining \oldstylenums on input line 266.
Package textcomp Info: Setting cmr sub-encoding to TS1/0 on input line 281.
Package textcomp Info: Setting cmss sub-encoding to TS1/0 on input line 282.
Package textcomp Info: Setting cmtt sub-encoding to TS1/0 on input line 283.
Package textcomp Info: Setting cmvtt sub-encoding to TS1/0 on input line 284.
Package textcomp Info: Setting cmbr sub-encoding to TS1/0 on input line 285.
Package textcomp Info: Setting cmtl sub-encoding to TS1/0 on input line 286.
Package textcomp Info: Setting ccr sub-encoding to TS1/0 on input line 287.
Package textcomp Info: Setting ptm sub-encoding to TS1/4 on input line 288.
Package textcomp Info: Setting pcr sub-encoding to TS1/4 on input line 289.
Package textcomp Info: Setting phv sub-encoding to TS1/4 on input line 290.
Package textcomp Info: Setting ppl sub-encoding to TS1/3 on input line 291.
Package textcomp Info: Setting pag sub-encoding to TS1/4 on input line 292.
Package textcomp Info: Setting pbk sub-encoding to TS1/4 on input line 293.
Package textcomp Info: Setting pnc sub-encoding to TS1/4 on input line 294.
Package textcomp Info: Setting pzc sub-encoding to TS1/4 on input line 295.
Package textcomp Info: Setting bch sub-encoding to TS1/4 on input line 296.
Package textcomp Info: Setting put sub-encoding to TS1/5 on input line 297.
Package textcomp Info: Setting uag sub-encoding to TS1/5 on input line 298.
Package textcomp Info: Setting ugq sub-encoding to TS1/5 on input line 299.
Package textcomp Info: Setting ul8 sub-encoding to TS1/4 on input line 300.
Package textcomp Info: Setting ul9 sub-encoding to TS1/4 on input line 301.
Package textcomp Info: Setting augie sub-encoding to TS1/5 on input line 302.
Package textcomp Info: Setting dayrom sub-encoding to TS1/3 on input line 303.
Package textcomp Info: Setting dayroms sub-encoding to TS1/3 on input line 304.

Package textcomp Info: Setting pxr sub-encoding to TS1/0 on input line 305.
Package textcomp Info: Setting pxss sub-encoding to TS1/0 on input line 306.
Package textcomp Info: Setting pxtt sub-encoding to TS1/0 on input line 307.
Package textcomp Info: Setting txr sub-encoding to TS1/0 on input line 308.
Package textcomp Info: Setting txss sub-encoding to TS1/0 on input line 309.
Package textcomp Info: Setting txtt sub-encoding to TS1/0 on input line 310.
Package textcomp Info: Setting lmr sub-encoding to TS1/0 on input line 311.
Package textcomp Info: Setting lmdh sub-encoding to TS1/0 on input line 312.
Package textcomp Info: Setting lmss sub-encoding to TS1/0 on input line 313.
Package textcomp Info: Setting lmssq sub-encoding to TS1/0 on input line 314.
Package textcomp Info: Setting lmvtt sub-encoding to TS1/0 on input line 315.
Package textcomp Info: Setting qhv sub-encoding to TS1/0 on input line 316.
Package textcomp Info: Setting qag sub-encoding to TS1/0 on input line 317.
Package textcomp Info: Setting qbk sub-encoding to TS1/0 on input line 318.
Package textcomp Info: Setting qcr sub-encoding to TS1/0 on input line 319.
Package textcomp Info: Setting qcs sub-encoding to TS1/0 on input line 320.
Package textcomp Info: Setting qpl sub-encoding to TS1/0 on input line 321.
Package textcomp Info: Setting qtm sub-encoding to TS1/0 on input line 322.
Package textcomp Info: Setting qzc sub-encoding to TS1/0 on input line 323.
Package textcomp Info: Setting qhvc sub-encoding to TS1/0 on input line 324.
Package textcomp Info: Setting futs sub-encoding to TS1/4 on input line 325.
Package textcomp Info: Setting futx sub-encoding to TS1/4 on input line 326.
Package textcomp Info: Setting futj sub-encoding to TS1/4 on input line 327.
Package textcomp Info: Setting hlh sub-encoding to TS1/3 on input line 328.
Package textcomp Info: Setting hls sub-encoding to TS1/3 on input line 329.
Package textcomp Info: Setting hlst sub-encoding to TS1/3 on input line 330.
Package textcomp Info: Setting hlct sub-encoding to TS1/5 on input line 331.
Package textcomp Info: Setting hlx sub-encoding to TS1/5 on input line 332.
Package textcomp Info: Setting hlce sub-encoding to TS1/5 on input line 333.
Package textcomp Info: Setting hlcn sub-encoding to TS1/5 on input line 334.
Package textcomp Info: Setting hlcw sub-encoding to TS1/5 on input line 335.
Package textcomp Info: Setting hlcf sub-encoding to TS1/5 on input line 336.
Package textcomp Info: Setting pplx sub-encoding to TS1/3 on input line 337.
Package textcomp Info: Setting pplj sub-encoding to TS1/3 on input line 338.
Package textcomp Info: Setting ptmx sub-encoding to TS1/4 on input line 339.
Package textcomp Info: Setting ptmj sub-encoding to TS1/4 on input line 340.
))
(/usr/local/texlive/2014/texmf-dist/tex/latex/nomencl/nomencl.sty
Package: nomencl 2005/09/22 v4.2 Nomenclature package (LN)
\nomlabelwidth=\dimen157
\nom@tempdim=\dimen158
\nomitemsep=\skip63
)
(/usr/local/texlive/2014/texmf-dist/tex/latex/parallel/parallel.sty
Package: parallel 2003/04/13, setting two texts parallel (me)

`parallel': setting two texts parallel, (beta 4) 2003/04/13.
\ParallelLWidth=\dimen159
\ParallelRWidth=\dimen160
\ParallelTextWidth=\dimen161
\ParallelLeftMargin=\dimen162
\ParallelUserMidSkip=\dimen163
\ParallelMainMidSkip=\dimen164
\ParallelLBox=\box34
\ParallelRBox=\box35
\ParallelBoxVar=\box36
\ParallelLTok=\box37
\ParallelRTok=\box38
\ParallelBoolVar=\count124
\ParallelBoolMid=\count125
\ParallelWhichBox=\count126
\ParallelMainMode=\count127
\ParallelFNMode=\count128
\ParallelLFNCounter=\count129
\ParallelRFNCounter=\count130
\ParallelMaxFN=\count131
\ParallelFNNumMode=\count132
)
(/usr/local/texlive/2014/texmf-dist/tex/latex/rotating/rotating.sty
Package: rotating 2009/03/28 v2.16a rotated objects in LaTeX

(/usr/local/texlive/2014/texmf-dist/tex/latex/base/ifthen.sty
Package: ifthen 2001/05/26 v1.1c Standard LaTeX ifthen package (DPC)
)
\c@r@tfl@t=\count133
\rotFPtop=\skip64
\rotFPbot=\skip65
\rot@float@box=\box39
\rot@mess@toks=\toks27
)
(/usr/local/texlive/2014/texmf-dist/tex/latex/soul/soul.sty
Package: soul 2003/11/17 v2.4 letterspacing/underlining (mf)
\SOUL@word=\toks28
\SOUL@lasttoken=\toks29
\SOUL@cmds=\toks30
\SOUL@buffer=\toks31
\SOUL@token=\toks32
\SOUL@spaceskip=\skip66
\SOUL@ttwidth=\dimen165
\SOUL@uldp=\dimen166
\SOUL@ulht=\dimen167
)
(/usr/local/texlive/2014/texmf-dist/tex/latex/wrapfig/wrapfig.sty
\wrapoverhang=\dimen168
\WF@size=\dimen169
\c@WF@wrappedlines=\count134
\WF@box=\box40
\WF@everypar=\toks33
Package: wrapfig 2003/01/31  v 3.6
)
(/usr/local/texlive/2014/texmf-dist/tex/latex/pdfpages/pdfpages.sty
Package: pdfpages 2013/08/25 v0.4v Insert pages of external PDF documents (AM)

(/usr/local/texlive/2014/texmf-dist/tex/latex/eso-pic/eso-pic.sty
Package: eso-pic 2013/10/06 v2.0d eso-pic (RN)

(/usr/local/texlive/2014/texmf-dist/tex/generic/oberdiek/atbegshi.sty
Package: atbegshi 2011/10/05 v1.16 At begin shipout hook (HO)
))
(/usr/local/texlive/2014/texmf-dist/tex/latex/pdfpages/ppxetex.def
File: ppxetex.def 2013/08/25 v0.4v Pdfpages driver for XeTeX (AM)
)
\AM@pagebox=\box41
\AM@toc@title=\toks34
\c@AM@survey=\count135
\AM@templatesizebox=\box42
)
(/usr/local/texlive/2014/texmf-dist/tex/latex/base/inputenc.sty
Package: inputenc 2014/04/30 v1.2b Input encoding file
\inpenc@prehook=\toks35
\inpenc@posthook=\toks36


Package inputenc Warning: inputenc package ignored with utf8 based engines.

)
LaTeX Font Info:    Try loading font information for T1+txtt on input line 59.
 (/usr/local/texlive/2014/texmf-dist/tex/latex/txfonts/t1txtt.fd
File: t1txtt.fd 2000/12/15 v3.1
)
(./OIT_Thesis.aux

LaTeX Warning: Label `fig:amplifier-configuration' multiply defined.


LaTeX Warning: Label `fig:sfpilensholder-side' multiply defined.

)
\openout1 = `OIT_Thesis.aux'.

LaTeX Font Info:    Checking defaults for OML/cmm/m/it on input line 136.
LaTeX Font Info:    ... okay on input line 136.
LaTeX Font Info:    Checking defaults for T1/cmr/m/n on input line 136.
LaTeX Font Info:    ... okay on input line 136.
LaTeX Font Info:    Checking defaults for OT1/cmr/m/n on input line 136.
LaTeX Font Info:    ... okay on input line 136.
LaTeX Font Info:    Checking defaults for OMS/cmsy/m/n on input line 136.
LaTeX Font Info:    ... okay on input line 136.
LaTeX Font Info:    Checking defaults for OMX/cmex/m/n on input line 136.
LaTeX Font Info:    ... okay on input line 136.
LaTeX Font Info:    Checking defaults for U/cmr/m/n on input line 136.
LaTeX Font Info:    ... okay on input line 136.
LaTeX Font Info:    Checking defaults for TS1/cmr/m/n on input line 136.
LaTeX Font Info:    Try loading font information for TS1+cmr on input line 136.

 (/usr/local/texlive/2014/texmf-dist/tex/latex/base/ts1cmr.fd
File: ts1cmr.fd 1999/05/25 v2.5h Standard LaTeX font definitions
)
LaTeX Font Info:    ... okay on input line 136.
\c@lstlisting=\count136
\AtBeginShipoutBox=\box43

Underfull \hbox (badness 10000) in paragraph at lines 178--180

 []

File: ./images/./FSR_1.png Graphic file (type QTm)
<use  "./images/./FSR_1.png" >
Overfull \hbox (37.07999pt too wide) in paragraph at lines 188--189
 [][] 
 []

[1


]
File: ./images/diode-curve.png Graphic file (type QTm)
 <use  "./images/diode-curve.png" >

LaTeX Warning: `!h' float specifier changed to `!ht'.

[2]
File: ./images/./cavity/resonant_cavity.png Graphic file (type QTm)
 <use  "./images/./cavity/resonant_cavity.png" >
File: ./images/./cavity/auxiliary_lens_resonant.png Graphic file (type QTm)

<use  "./images/./cavity/auxiliary_lens_resonant.png" >
File: ./images/./cavity/spot_size.png Graphic file (type QTm)

<use  "./images/./cavity/spot_size.png" >
File: ./images/./cavity/auxiliary_lens_spot_size.png Graphic file (type QTm)

<use  "./images/./cavity/auxiliary_lens_spot_size.png" >
File: ./images/first-lens-holder.png Graphic file (type QTm)

<use  "./images/first-lens-holder.png" >

LaTeX Warning: `!h' float specifier changed to `!ht'.

[3]
File: ./images/./mechanical/PZT_holder_3d_rep.png Graphic file (type QTm)
 <use  "./images/./mechanical/PZT_holder_3d_rep.png" >

LaTeX Warning: `!h' float specifier changed to `!ht'.

File: ./images/second-surface-holder.png Graphic file (type QTm)
<use  "./images/second-surface-holder.png" >

LaTeX Warning: `!h' float specifier changed to `!ht'.

File: ./images/./mechanical/sfpilensholder_3d_rep.png Graphic file (type QTm)
<use  "./images/./mechanical/sfpilensholder_3d_rep.png" >

LaTeX Warning: `!h' float specifier changed to `!ht'.

File: ./images/full-cavity.png Graphic file (type QTm)
<use  "./images/full-cavity.png" >

LaTeX Warning: `!h' float specifier changed to `!ht'.


LaTeX Warning: Text page 4 contains only floats.

[4]
File: ./images/./mechanical/diode_holder_3d_rep.png Graphic file (type QTm)
 <use  "./images/./mechanical/diode_holder_3d_rep.png" >
File: ./images//ltspice/amplifier-circuit-design-ltspice.png Graphic file (type
 QTm)

<use  "./images//ltspice/amplifier-circuit-design-ltspice.png" >
File: ./images/./michelson.png Graphic file (type QTm)

<use  "./images/./michelson.png" >

LaTeX Warning: Citation `michaelson' on page 5 undefined on input line 391.


LaTeX Warning: Citation `michaelson' on page 5 undefined on input line 391.

File: ./images/./Function_generator.png Graphic file (type QTm)
<use  "./images/./Function_generator.png" > [5]
File: ./images/./data/dac-output-waveform.png Graphic file (type QTm)

<use  "./images/./data/dac-output-waveform.png" >

LaTeX Warning: `!h' float specifier changed to `!ht'.


LaTeX Warning: Reference `code:ltspice-driver' on page 6 undefined on input lin
e 442.


LaTeX Warning: Reference `code:pwl-ltspice-python' on page 6 undefined on input
 line 442.

[6]
File: ./images/./ltspice/unity-buffer-ltspice.png Graphic file (type QTm)
 <use  "./images/./ltspice/unity-buffer-ltspice.png" >

LaTeX Warning: Reference `fig:dc-adj-voltage' on page 7 undefined on input line
 453.


LaTeX Warning: Reference `datasheet:psino2512n' on page 7 undefined on input li
ne 461.


LaTeX Warning: Reference `datasheet:lm2577' on page 7 undefined on input line 4
61.


Underfull \hbox (badness 2753) in paragraph at lines 461--462
\OT1/ptm/m/n/12 a DROK Mi-cro Elec-tric DC/DC Boost Con-
 []


LaTeX Warning: Citation `datasheet_max635' on page 7 undefined on input line 46
5.


LaTeX Warning: Reference `fig:power-distribution' on page 7 undefined on input 
line 465.

File: ./images//ltspice/power-supply-circuit-desgin-ltspice.png Graphic file (t
ype QTm)
<use  "./images//ltspice/power-supply-circuit-desgin-ltspice.png" >
File: ./images/./max635.png Graphic file (type QTm)

<use  "./images/./max635.png" >
Overfull \hbox (37.07999pt too wide) in paragraph at lines 490--491
 [][] 
 []


LaTeX Warning: Citation `MAX635' on page 7 undefined on input line 491.


Underfull \hbox (badness 3138) in paragraph at lines 501--504
\OT1/ptm/m/n/12 the volt-age stays within the photo-conductive
 []


Underfull \hbox (badness 10000) in paragraph at lines 501--504

 []

[7]
File: ./images/./transimpedance_amp_design.png Graphic file (type QTm)
 <use  "./images/./transimpedance_amp_design.png" >

LaTeX Warning: Reference `datasheet:ad8627' on page 8 undefined on input line 5
18.


LaTeX Warning: Reference `schm:photodiode' on page 8 undefined on input line 51
8.


LaTeX Warning: Reference `schm:photodiode' on page 8 undefined on input line 52
6.

[8] [9] (./OIT_Thesis.bbl) [10]
File: ./images/./data/max_amp_due_to_rails.png Graphic file (type QTm)

<use  "./images/./data/max_amp_due_to_rails.png" > [11

]
File: ./images/./data/dc_max_ramp.png Graphic file (type QTm)

<use  "./images/./data/dc_max_ramp.png" > [12]
File: ./images/./ltspice/max-amplification.png Graphic file (type QTm)

<use  "./images/./ltspice/max-amplification.png" > [13]
File: ./images/./ltspice/min-amplification.png Graphic file (type QTm)

<use  "./images/./ltspice/min-amplification.png" > [14]
File: ./images/./ltspice/fft-amplification.png Graphic file (type QTm)

<use  "./images/./ltspice/fft-amplification.png" > [15]
File: ./images/./ltspice/transimpedance-amp-output.png Graphic file (type QTm)

<use  "./images/./ltspice/transimpedance-amp-output.png" > [16]
File: ./images/./ltspice/transimpedance-amp-bandpass.png Graphic file (type QTm
)

<use  "./images/./ltspice/transimpedance-amp-bandpass.png" > [17]
File: ./images/./GUI/main-screen.png Graphic file (type QTm)

<use  "./images/./GUI/main-screen.png" > [18]
File: ./images/./GUI/serial-port.png Graphic file (type QTm)

<use  "./images/./GUI/serial-port.png" > [19]
File: ./images/./GUI/calibrate.png Graphic file (type QTm)

<use  "./images/./GUI/calibrate.png" > [20]
File: ./images/./GUI/menu-bar.png Graphic file (type QTm)

<use  "./images/./GUI/menu-bar.png" > [21]
File: ./images/./GUI/tools.png Graphic file (type QTm)
 <use  "./images/./GUI/tools.png" >
[22] (/usr/local/texlive/2014/texmf-dist/tex/latex/listings/lstlang1.sty
File: lstlang1.sty 2014/03/04 1.5c listings language file
)
(/usr/local/texlive/2014/texmf-dist/tex/latex/listings/lstlang1.sty
File: lstlang1.sty 2014/03/04 1.5c listings language file
)
(/usr/local/texlive/2014/texmf-dist/tex/latex/listings/lstmisc.sty
File: lstmisc.sty 2014/03/04 1.5c (Carsten Heinz)
)
(../App/Arduino/sFPI-driver/sFPI-driver.ino
LaTeX Font Info:    Try loading font information for TS1+ptm on input line 1.

(/usr/local/texlive/2014/texmf-dist/tex/latex/psnfss/ts1ptm.fd
File: ts1ptm.fd 2001/06/04 font definitions for TS1/ptm.
)
LaTeX Font Info:    Try loading font information for OML+ptm on input line 16.

(/usr/local/texlive/2014/texmf-dist/tex/latex/psnfss/omlptm.fd
File: omlptm.fd 
)
LaTeX Font Info:    Font shape `OML/ptm/m/n' in size <9> not available
(Font)              Font shape `OML/cmm/m/it' tried instead on input line 16.
LaTeX Font Info:    Try loading font information for OMS+ptm on input line 33.

(/usr/local/texlive/2014/texmf-dist/tex/latex/psnfss/omsptm.fd
File: omsptm.fd 
)
LaTeX Font Info:    Font shape `OMS/ptm/m/n' in size <9> not available
(Font)              Font shape `OMS/cmsy/m/n' tried instead on input line 33.
)
(../App/Arduino/Serial-data/Serial-data.ino [23])
(/usr/local/texlive/2014/texmf-dist/tex/latex/listings/lstlang1.sty
File: lstlang1.sty 2014/03/04 1.5c listings language file
)
Underfull \vbox (badness 6461) has occurred while \output is active []

 [24]
(../App/GUI.py) (../App/Application.py
LaTeX Font Info:    Font shape `OMS/ptm/m/n' in size <12> not available
(Font)              Font shape `OMS/cmsy/m/n' tried instead on input line 7.
 [25]
Underfull \vbox (badness 10000) has occurred while \output is active []

 [26]
Underfull \vbox (badness 10000) has occurred while \output is active []

 [27]
LaTeX Font Info:    Font shape `OML/ptm/m/n' in size <12> not available
(Font)              Font shape `OML/cmm/m/it' tried instead on input line 169.

Underfull \vbox (badness 10000) has occurred while \output is active []

 [28]
Underfull \vbox (badness 10000) has occurred while \output is active []

 [29]
Underfull \vbox (badness 10000) has occurred while \output is active []

 [30]
Underfull \vbox (badness 10000) has occurred while \output is active []

 [31])
(../App/USBInterface.py [32])
Underfull \vbox (badness 10000) has occurred while \output is active []

 [33]
(../App/GUIErrors.py) (../App/setup.py) [34]
(/usr/local/texlive/2014/texmf-dist/tex/latex/listings/lstlang1.sty
File: lstlang1.sty 2014/03/04 1.5c listings language file
)
(/usr/local/texlive/2014/texmf-dist/tex/latex/listings/lstlang2.sty
File: lstlang2.sty 2014/03/04 1.5c listings language file
)
(/usr/local/texlive/2014/texmf-dist/tex/latex/listings/lstlang3.sty
File: lstlang3.sty 2014/03/04 1.5c listings language file
)
(../Electrical_Design/Amplifier_Design/Rev_2.0/amplifier_setup_rev2.txt
LaTeX Font Info:    Font shape `OMS/ptm/m/n' in size <8> not available
(Font)              Font shape `OMS/cmsy/m/n' tried instead on input line 1.

Overfull \hbox (36.00562pt too wide) in paragraph at lines 1--2
[][][][][][][][][][][][][][][][][][][][][][][][][][][][][][][][][][][][][][][][
][][][][][][][][][][][][][] 
 []


Overfull \hbox (160.80688pt too wide) in paragraph at lines 8--9
[][][][][][][][][][][][][][][][][][][][][][][][][][][][][][][][][][][][][][][][
][][][][][][][][][][][][][][][][][][][][][][][][][][][][][][][][][][][][][][][]
[][][][][][][][][][][][][][][][][][][][][][][][][][][][][][][][][][][][][][][][
][][][] 
 []


Overfull \hbox (141.60669pt too wide) in paragraph at lines 32--33
[][][][][][][][][][][][][][][][][][][][][][][][][][][][][][][][][][][][][][][][
][][][][][][][][][][][][][][][][][][][][][][][][][][][][][][][][][][][][][][][]
[][][][][][][][][][][][][][][][][][][][][][][][][][][][][][][][][][][][][] 
 []

) [35] (../Electrical_Design/Photodiode_Amplifier/transimpedance_amplifier.txt
Overfull \hbox (36.00562pt too wide) in paragraph at lines 1--2
[][][][][][][][][][][][][][][][][][][][][][][][][][][][][][][][][][][][][][][][
] 
 []

LaTeX Font Info:    Font shape `OML/ptm/m/n' in size <8> not available
(Font)              Font shape `OML/cmm/m/it' tried instead on input line 29.
) [36]
File: ./images/./mechanical/PZT_holder_top.png Graphic file (type QTm)
 <use  "./images/./mechanical/PZT_holder_top.png" >
File: ./images/./mechanical/PZT_holder_bottom.png Graphic file (type QTm)

<use  "./images/./mechanical/PZT_holder_bottom.png" >
File: ./images/./mechanical/PZT_holder_side.png Graphic file (type QTm)

<use  "./images/./mechanical/PZT_holder_side.png" >

LaTeX Warning: `!h' float specifier changed to `!ht'.

[37]
File: ./images/./mechanical/sfpilensholder_top.png Graphic file (type QTm)
 <use  "./images/./mechanical/sfpilensholder_top.png" >
File: ./images/./mechanical/sfpilensholder_bottom.png Graphic file (type QTm)

<use  "./images/./mechanical/sfpilensholder_bottom.png" >

LaTeX Warning: `!h' float specifier changed to `!ht'.

File: ./images/./mechanical/sfpilensholder_cross_section_1.png Graphic file (ty
pe QTm)
<use  "./images/./mechanical/sfpilensholder_cross_section_1.png" >

LaTeX Warning: `!h' float specifier changed to `!ht'.

File: ./images/./mechanical/sfpilensholder_cross_section_2.png Graphic file (ty
pe QTm)
<use  "./images/./mechanical/sfpilensholder_cross_section_2.png" >

LaTeX Warning: `!h' float specifier changed to `!ht'.

[38]
File: ./images/./mechanical/diode_holder_top.png Graphic file (type QTm)
 <use  "./images/./mechanical/diode_holder_top.png" >

LaTeX Warning: `!h' float specifier changed to `!ht'.

File: ./images/./mechanical/diode_holder_bottom.png Graphic file (type QTm)
<use  "./images/./mechanical/diode_holder_bottom.png" >

LaTeX Warning: `!h' float specifier changed to `!ht'.

File: ./images/./mechanical/diode_holder_front.png Graphic file (type QTm)
<use  "./images/./mechanical/diode_holder_front.png" >

LaTeX Warning: `!h' float specifier changed to `!ht'.

File: ./images/./mechanical/diode_holder_back.png Graphic file (type QTm)
<use  "./images/./mechanical/diode_holder_back.png" >

LaTeX Warning: `!h' float specifier changed to `!ht'.

File: ./images/./mechanical/diode_holder_side.png Graphic file (type QTm)
<use  "./images/./mechanical/diode_holder_side.png" >

LaTeX Warning: `!h' float specifier changed to `!ht'.

[39]
File: ../Datasheets/ATmega328.pdf Graphic file (type QTm)
 <use  "../Datasheets/ATmega328.pdf" >
File: ../Datasheets/ATmega328.pdf Graphic file (type QTm)

<use  "../Datasheets/ATmega328.pdf" > [40]
File: ../Datasheets/ATmega328.pdf Graphic file (type QTm)

<use  "../Datasheets/ATmega328.pdf"  page1>

Package pdfpages Warning: Erroneous page width of 0.0pt is corrected.


Package pdfpages Warning: Erroneous page height of 0.0pt is corrected.

File: ../Datasheets/ATmega328.pdf Graphic file (type QTm)
<use  "../Datasheets/ATmega328.pdf"  page1>
File: ../Datasheets/ATmega328.pdf Graphic file (type QTm)

<use  "../Datasheets/ATmega328.pdf"  page1>
File: ../Datasheets/ATmega328.pdf Graphic file (type QTm)

<use  "../Datasheets/ATmega328.pdf"  page1>
File: ../Datasheets/ATmega328.pdf Graphic file (type QTm)

<use  "../Datasheets/ATmega328.pdf"  page1> [41]
File: ../Datasheets/ATmega328.pdf Graphic file (type QTm)

<use  "../Datasheets/ATmega328.pdf"  page2>
File: ../Datasheets/ATmega328.pdf Graphic file (type QTm)

<use  "../Datasheets/ATmega328.pdf"  page2>
File: ../Datasheets/ATmega328.pdf Graphic file (type QTm)

<use  "../Datasheets/ATmega328.pdf"  page2> [42]
File: ../Datasheets/ATmega328.pdf Graphic file (type QTm)

<use  "../Datasheets/ATmega328.pdf"  page3>
File: ../Datasheets/ATmega328.pdf Graphic file (type QTm)

<use  "../Datasheets/ATmega328.pdf"  page3>
File: ../Datasheets/ATmega328.pdf Graphic file (type QTm)

<use  "../Datasheets/ATmega328.pdf"  page3> [43]
File: ../Datasheets/ATmega328.pdf Graphic file (type QTm)

<use  "../Datasheets/ATmega328.pdf"  page4>
File: ../Datasheets/ATmega328.pdf Graphic file (type QTm)

<use  "../Datasheets/ATmega328.pdf"  page4>
File: ../Datasheets/ATmega328.pdf Graphic file (type QTm)

<use  "../Datasheets/ATmega328.pdf"  page4> [44]
File: ../Datasheets/ATmega328.pdf Graphic file (type QTm)

<use  "../Datasheets/ATmega328.pdf"  page5>
File: ../Datasheets/ATmega328.pdf Graphic file (type QTm)

<use  "../Datasheets/ATmega328.pdf"  page5>
File: ../Datasheets/ATmega328.pdf Graphic file (type QTm)

<use  "../Datasheets/ATmega328.pdf"  page5> [45]
File: ../Datasheets/ATmega328.pdf Graphic file (type QTm)

<use  "../Datasheets/ATmega328.pdf"  page6>
File: ../Datasheets/ATmega328.pdf Graphic file (type QTm)

<use  "../Datasheets/ATmega328.pdf"  page6>
File: ../Datasheets/ATmega328.pdf Graphic file (type QTm)

<use  "../Datasheets/ATmega328.pdf"  page6> [46]
File: ../Datasheets/ATmega328.pdf Graphic file (type QTm)

<use  "../Datasheets/ATmega328.pdf"  page7>
File: ../Datasheets/ATmega328.pdf Graphic file (type QTm)

<use  "../Datasheets/ATmega328.pdf"  page7>
File: ../Datasheets/ATmega328.pdf Graphic file (type QTm)

<use  "../Datasheets/ATmega328.pdf"  page7> [47]
File: ../Datasheets/ATmega328.pdf Graphic file (type QTm)

<use  "../Datasheets/ATmega328.pdf"  page8>
File: ../Datasheets/ATmega328.pdf Graphic file (type QTm)

<use  "../Datasheets/ATmega328.pdf"  page8>
File: ../Datasheets/ATmega328.pdf Graphic file (type QTm)

<use  "../Datasheets/ATmega328.pdf"  page8> [48]
File: ../Datasheets/ATmega328.pdf Graphic file (type QTm)

<use  "../Datasheets/ATmega328.pdf"  page9>
File: ../Datasheets/ATmega328.pdf Graphic file (type QTm)

<use  "../Datasheets/ATmega328.pdf"  page9>
File: ../Datasheets/ATmega328.pdf Graphic file (type QTm)

<use  "../Datasheets/ATmega328.pdf"  page9> [49]
File: ../Datasheets/ATmega328.pdf Graphic file (type QTm)

<use  "../Datasheets/ATmega328.pdf"  page10>
File: ../Datasheets/ATmega328.pdf Graphic file (type QTm)

<use  "../Datasheets/ATmega328.pdf"  page10>
File: ../Datasheets/ATmega328.pdf Graphic file (type QTm)

<use  "../Datasheets/ATmega328.pdf"  page10> [50]
File: ../Datasheets/ATmega328.pdf Graphic file (type QTm)

<use  "../Datasheets/ATmega328.pdf"  page11>
File: ../Datasheets/ATmega328.pdf Graphic file (type QTm)

<use  "../Datasheets/ATmega328.pdf"  page11>
File: ../Datasheets/ATmega328.pdf Graphic file (type QTm)

<use  "../Datasheets/ATmega328.pdf"  page11> [51]
File: ../Datasheets/ATmega328.pdf Graphic file (type QTm)

<use  "../Datasheets/ATmega328.pdf"  page12>
File: ../Datasheets/ATmega328.pdf Graphic file (type QTm)

<use  "../Datasheets/ATmega328.pdf"  page12>
File: ../Datasheets/ATmega328.pdf Graphic file (type QTm)

<use  "../Datasheets/ATmega328.pdf"  page12> [52]
File: ../Datasheets/ATmega328.pdf Graphic file (type QTm)

<use  "../Datasheets/ATmega328.pdf"  page13>
File: ../Datasheets/ATmega328.pdf Graphic file (type QTm)

<use  "../Datasheets/ATmega328.pdf"  page13>
File: ../Datasheets/ATmega328.pdf Graphic file (type QTm)

<use  "../Datasheets/ATmega328.pdf"  page13> [53]
File: ../Datasheets/ATmega328.pdf Graphic file (type QTm)

<use  "../Datasheets/ATmega328.pdf"  page14>
File: ../Datasheets/ATmega328.pdf Graphic file (type QTm)

<use  "../Datasheets/ATmega328.pdf"  page14>
File: ../Datasheets/ATmega328.pdf Graphic file (type QTm)

<use  "../Datasheets/ATmega328.pdf"  page14> [54]
File: ../Datasheets/ATmega328.pdf Graphic file (type QTm)

<use  "../Datasheets/ATmega328.pdf"  page15>
File: ../Datasheets/ATmega328.pdf Graphic file (type QTm)

<use  "../Datasheets/ATmega328.pdf"  page15>
File: ../Datasheets/ATmega328.pdf Graphic file (type QTm)

<use  "../Datasheets/ATmega328.pdf"  page15> [55]
File: ../Datasheets/LT3080.pdf Graphic file (type QTm)

<use  "../Datasheets/LT3080.pdf" >
File: ../Datasheets/LT3080.pdf Graphic file (type QTm)
 <use  "../Datasheets/LT3080.pdf" >
File: ../Datasheets/LT3080.pdf Graphic file (type QTm)

<use  "../Datasheets/LT3080.pdf"  page1>

Package pdfpages Warning: Erroneous page width of 0.0pt is corrected.


Package pdfpages Warning: Erroneous page height of 0.0pt is corrected.

File: ../Datasheets/LT3080.pdf Graphic file (type QTm)
<use  "../Datasheets/LT3080.pdf"  page1>
File: ../Datasheets/LT3080.pdf Graphic file (type QTm)

<use  "../Datasheets/LT3080.pdf"  page1>
File: ../Datasheets/LT3080.pdf Graphic file (type QTm)

<use  "../Datasheets/LT3080.pdf"  page1>
File: ../Datasheets/LT3080.pdf Graphic file (type QTm)

<use  "../Datasheets/LT3080.pdf"  page1> [56]
File: ../Datasheets/LT3080.pdf Graphic file (type QTm)

<use  "../Datasheets/LT3080.pdf"  page2>
File: ../Datasheets/LT3080.pdf Graphic file (type QTm)

<use  "../Datasheets/LT3080.pdf"  page2>
File: ../Datasheets/LT3080.pdf Graphic file (type QTm)

<use  "../Datasheets/LT3080.pdf"  page2> [57]
File: ../Datasheets/LT3080.pdf Graphic file (type QTm)

<use  "../Datasheets/LT3080.pdf"  page3>
File: ../Datasheets/LT3080.pdf Graphic file (type QTm)

<use  "../Datasheets/LT3080.pdf"  page3>
File: ../Datasheets/LT3080.pdf Graphic file (type QTm)

<use  "../Datasheets/LT3080.pdf"  page3> [58]
File: ../Datasheets/LT3080.pdf Graphic file (type QTm)

<use  "../Datasheets/LT3080.pdf"  page4>
File: ../Datasheets/LT3080.pdf Graphic file (type QTm)

<use  "../Datasheets/LT3080.pdf"  page4>
File: ../Datasheets/LT3080.pdf Graphic file (type QTm)

<use  "../Datasheets/LT3080.pdf"  page4> [59]
File: ../Datasheets/LT3080.pdf Graphic file (type QTm)

<use  "../Datasheets/LT3080.pdf"  page5>
File: ../Datasheets/LT3080.pdf Graphic file (type QTm)

<use  "../Datasheets/LT3080.pdf"  page5>
File: ../Datasheets/LT3080.pdf Graphic file (type QTm)

<use  "../Datasheets/LT3080.pdf"  page5> [60]
File: ../Datasheets/LT3080.pdf Graphic file (type QTm)

<use  "../Datasheets/LT3080.pdf"  page6>
File: ../Datasheets/LT3080.pdf Graphic file (type QTm)

<use  "../Datasheets/LT3080.pdf"  page6>
File: ../Datasheets/LT3080.pdf Graphic file (type QTm)

<use  "../Datasheets/LT3080.pdf"  page6> [61]
File: ../Datasheets/LT3080.pdf Graphic file (type QTm)

<use  "../Datasheets/LT3080.pdf"  page7>
File: ../Datasheets/LT3080.pdf Graphic file (type QTm)

<use  "../Datasheets/LT3080.pdf"  page7>
File: ../Datasheets/LT3080.pdf Graphic file (type QTm)

<use  "../Datasheets/LT3080.pdf"  page7> [62]
File: ../Datasheets/LT3080.pdf Graphic file (type QTm)

<use  "../Datasheets/LT3080.pdf"  page8>
File: ../Datasheets/LT3080.pdf Graphic file (type QTm)

<use  "../Datasheets/LT3080.pdf"  page8>
File: ../Datasheets/LT3080.pdf Graphic file (type QTm)

<use  "../Datasheets/LT3080.pdf"  page8> [63]
File: ../Datasheets/LT3080.pdf Graphic file (type QTm)

<use  "../Datasheets/LT3080.pdf"  page9>
File: ../Datasheets/LT3080.pdf Graphic file (type QTm)

<use  "../Datasheets/LT3080.pdf"  page9>
File: ../Datasheets/LT3080.pdf Graphic file (type QTm)

<use  "../Datasheets/LT3080.pdf"  page9> [64]
File: ../Datasheets/LT3080.pdf Graphic file (type QTm)

<use  "../Datasheets/LT3080.pdf"  page10>
File: ../Datasheets/LT3080.pdf Graphic file (type QTm)

<use  "../Datasheets/LT3080.pdf"  page10>
File: ../Datasheets/LT3080.pdf Graphic file (type QTm)

<use  "../Datasheets/LT3080.pdf"  page10> [65]
File: ../Datasheets/LT3080.pdf Graphic file (type QTm)

<use  "../Datasheets/LT3080.pdf"  page11>
File: ../Datasheets/LT3080.pdf Graphic file (type QTm)

<use  "../Datasheets/LT3080.pdf"  page11>
File: ../Datasheets/LT3080.pdf Graphic file (type QTm)

<use  "../Datasheets/LT3080.pdf"  page11> [66]
File: ../Datasheets/LT3080.pdf Graphic file (type QTm)

<use  "../Datasheets/LT3080.pdf"  page12>
File: ../Datasheets/LT3080.pdf Graphic file (type QTm)

<use  "../Datasheets/LT3080.pdf"  page12>
File: ../Datasheets/LT3080.pdf Graphic file (type QTm)

<use  "../Datasheets/LT3080.pdf"  page12> [67]
File: ../Datasheets/LT3080.pdf Graphic file (type QTm)

<use  "../Datasheets/LT3080.pdf"  page13>
File: ../Datasheets/LT3080.pdf Graphic file (type QTm)

<use  "../Datasheets/LT3080.pdf"  page13>
File: ../Datasheets/LT3080.pdf Graphic file (type QTm)

<use  "../Datasheets/LT3080.pdf"  page13> [68]
File: ../Datasheets/LT3080.pdf Graphic file (type QTm)

<use  "../Datasheets/LT3080.pdf"  page14>
File: ../Datasheets/LT3080.pdf Graphic file (type QTm)

<use  "../Datasheets/LT3080.pdf"  page14>
File: ../Datasheets/LT3080.pdf Graphic file (type QTm)

<use  "../Datasheets/LT3080.pdf"  page14> [69]
File: ../Datasheets/LT3080.pdf Graphic file (type QTm)

<use  "../Datasheets/LT3080.pdf"  page15>
File: ../Datasheets/LT3080.pdf Graphic file (type QTm)

<use  "../Datasheets/LT3080.pdf"  page15>
File: ../Datasheets/LT3080.pdf Graphic file (type QTm)

<use  "../Datasheets/LT3080.pdf"  page15> [70]
File: ../Datasheets/LT1129-5.pdf Graphic file (type QTm)

<use  "../Datasheets/LT1129-5.pdf" >
File: ../Datasheets/LT1129-5.pdf Graphic file (type QTm)
 <use  "../Datasheets/LT1129-5.pdf" >
File: ../Datasheets/LT1129-5.pdf Graphic file (type QTm)

<use  "../Datasheets/LT1129-5.pdf"  page1>

Package pdfpages Warning: Erroneous page width of 0.0pt is corrected.


Package pdfpages Warning: Erroneous page height of 0.0pt is corrected.

File: ../Datasheets/LT1129-5.pdf Graphic file (type QTm)
<use  "../Datasheets/LT1129-5.pdf"  page1>
File: ../Datasheets/LT1129-5.pdf Graphic file (type QTm)

<use  "../Datasheets/LT1129-5.pdf"  page1>
File: ../Datasheets/LT1129-5.pdf Graphic file (type QTm)

<use  "../Datasheets/LT1129-5.pdf"  page1>
File: ../Datasheets/LT1129-5.pdf Graphic file (type QTm)

<use  "../Datasheets/LT1129-5.pdf"  page1> [71]
File: ../Datasheets/LT1129-5.pdf Graphic file (type QTm)

<use  "../Datasheets/LT1129-5.pdf"  page2>
File: ../Datasheets/LT1129-5.pdf Graphic file (type QTm)

<use  "../Datasheets/LT1129-5.pdf"  page2>
File: ../Datasheets/LT1129-5.pdf Graphic file (type QTm)

<use  "../Datasheets/LT1129-5.pdf"  page2> [72]
File: ../Datasheets/LT1129-5.pdf Graphic file (type QTm)

<use  "../Datasheets/LT1129-5.pdf"  page3>
File: ../Datasheets/LT1129-5.pdf Graphic file (type QTm)

<use  "../Datasheets/LT1129-5.pdf"  page3>
File: ../Datasheets/LT1129-5.pdf Graphic file (type QTm)

<use  "../Datasheets/LT1129-5.pdf"  page3> [73]
File: ../Datasheets/LT1129-5.pdf Graphic file (type QTm)

<use  "../Datasheets/LT1129-5.pdf"  page4>
File: ../Datasheets/LT1129-5.pdf Graphic file (type QTm)

<use  "../Datasheets/LT1129-5.pdf"  page4>
File: ../Datasheets/LT1129-5.pdf Graphic file (type QTm)

<use  "../Datasheets/LT1129-5.pdf"  page4> [74]
File: ../Datasheets/LT1129-5.pdf Graphic file (type QTm)

<use  "../Datasheets/LT1129-5.pdf"  page5>
File: ../Datasheets/LT1129-5.pdf Graphic file (type QTm)

<use  "../Datasheets/LT1129-5.pdf"  page5>
File: ../Datasheets/LT1129-5.pdf Graphic file (type QTm)

<use  "../Datasheets/LT1129-5.pdf"  page5> [75]
File: ../Datasheets/LT1129-5.pdf Graphic file (type QTm)

<use  "../Datasheets/LT1129-5.pdf"  page6>
File: ../Datasheets/LT1129-5.pdf Graphic file (type QTm)

<use  "../Datasheets/LT1129-5.pdf"  page6>
File: ../Datasheets/LT1129-5.pdf Graphic file (type QTm)

<use  "../Datasheets/LT1129-5.pdf"  page6> [76]
File: ../Datasheets/LT1129-5.pdf Graphic file (type QTm)

<use  "../Datasheets/LT1129-5.pdf"  page7>
File: ../Datasheets/LT1129-5.pdf Graphic file (type QTm)

<use  "../Datasheets/LT1129-5.pdf"  page7>
File: ../Datasheets/LT1129-5.pdf Graphic file (type QTm)

<use  "../Datasheets/LT1129-5.pdf"  page7> [77]
File: ../Datasheets/LT1129-5.pdf Graphic file (type QTm)

<use  "../Datasheets/LT1129-5.pdf"  page8>
File: ../Datasheets/LT1129-5.pdf Graphic file (type QTm)

<use  "../Datasheets/LT1129-5.pdf"  page8>
File: ../Datasheets/LT1129-5.pdf Graphic file (type QTm)

<use  "../Datasheets/LT1129-5.pdf"  page8> [78]
File: ../Datasheets/LT1129-5.pdf Graphic file (type QTm)

<use  "../Datasheets/LT1129-5.pdf"  page9>
File: ../Datasheets/LT1129-5.pdf Graphic file (type QTm)

<use  "../Datasheets/LT1129-5.pdf"  page9>
File: ../Datasheets/LT1129-5.pdf Graphic file (type QTm)

<use  "../Datasheets/LT1129-5.pdf"  page9> [79]
File: ../Datasheets/LT1129-5.pdf Graphic file (type QTm)

<use  "../Datasheets/LT1129-5.pdf"  page10>
File: ../Datasheets/LT1129-5.pdf Graphic file (type QTm)

<use  "../Datasheets/LT1129-5.pdf"  page10>
File: ../Datasheets/LT1129-5.pdf Graphic file (type QTm)

<use  "../Datasheets/LT1129-5.pdf"  page10> [80]
File: ../Datasheets/LT1129-5.pdf Graphic file (type QTm)

<use  "../Datasheets/LT1129-5.pdf"  page11>
File: ../Datasheets/LT1129-5.pdf Graphic file (type QTm)

<use  "../Datasheets/LT1129-5.pdf"  page11>
File: ../Datasheets/LT1129-5.pdf Graphic file (type QTm)

<use  "../Datasheets/LT1129-5.pdf"  page11> [81]
File: ../Datasheets/LT1129-5.pdf Graphic file (type QTm)

<use  "../Datasheets/LT1129-5.pdf"  page12>
File: ../Datasheets/LT1129-5.pdf Graphic file (type QTm)

<use  "../Datasheets/LT1129-5.pdf"  page12>
File: ../Datasheets/LT1129-5.pdf Graphic file (type QTm)

<use  "../Datasheets/LT1129-5.pdf"  page12> [82]
File: ../Datasheets/LT1129-5.pdf Graphic file (type QTm)

<use  "../Datasheets/LT1129-5.pdf"  page13>
File: ../Datasheets/LT1129-5.pdf Graphic file (type QTm)

<use  "../Datasheets/LT1129-5.pdf"  page13>
File: ../Datasheets/LT1129-5.pdf Graphic file (type QTm)

<use  "../Datasheets/LT1129-5.pdf"  page13> [83]
File: ../Datasheets/LT1129-5.pdf Graphic file (type QTm)

<use  "../Datasheets/LT1129-5.pdf"  page14>
File: ../Datasheets/LT1129-5.pdf Graphic file (type QTm)

<use  "../Datasheets/LT1129-5.pdf"  page14>
File: ../Datasheets/LT1129-5.pdf Graphic file (type QTm)

<use  "../Datasheets/LT1129-5.pdf"  page14> [84]
File: ../Datasheets/LT1129-5.pdf Graphic file (type QTm)

<use  "../Datasheets/LT1129-5.pdf"  page15>
File: ../Datasheets/LT1129-5.pdf Graphic file (type QTm)

<use  "../Datasheets/LT1129-5.pdf"  page15>
File: ../Datasheets/LT1129-5.pdf Graphic file (type QTm)

<use  "../Datasheets/LT1129-5.pdf"  page15> [85]
File: ../Datasheets/MAX635.pdf Graphic file (type QTm)

<use  "../Datasheets/MAX635.pdf" >
File: ../Datasheets/MAX635.pdf Graphic file (type QTm)
 <use  "../Datasheets/MAX635.pdf" >
File: ../Datasheets/MAX635.pdf Graphic file (type QTm)

<use  "../Datasheets/MAX635.pdf"  page1>

Package pdfpages Warning: Erroneous page width of 0.0pt is corrected.


Package pdfpages Warning: Erroneous page height of 0.0pt is corrected.

File: ../Datasheets/MAX635.pdf Graphic file (type QTm)
<use  "../Datasheets/MAX635.pdf"  page1>
File: ../Datasheets/MAX635.pdf Graphic file (type QTm)

<use  "../Datasheets/MAX635.pdf"  page1>
File: ../Datasheets/MAX635.pdf Graphic file (type QTm)

<use  "../Datasheets/MAX635.pdf"  page1>
File: ../Datasheets/MAX635.pdf Graphic file (type QTm)

<use  "../Datasheets/MAX635.pdf"  page1> [86]
File: ../Datasheets/MAX635.pdf Graphic file (type QTm)

<use  "../Datasheets/MAX635.pdf"  page2>
File: ../Datasheets/MAX635.pdf Graphic file (type QTm)

<use  "../Datasheets/MAX635.pdf"  page2>
File: ../Datasheets/MAX635.pdf Graphic file (type QTm)

<use  "../Datasheets/MAX635.pdf"  page2> [87]
File: ../Datasheets/MAX635.pdf Graphic file (type QTm)

<use  "../Datasheets/MAX635.pdf"  page3>
File: ../Datasheets/MAX635.pdf Graphic file (type QTm)

<use  "../Datasheets/MAX635.pdf"  page3>
File: ../Datasheets/MAX635.pdf Graphic file (type QTm)

<use  "../Datasheets/MAX635.pdf"  page3> [88]
File: ../Datasheets/MAX635.pdf Graphic file (type QTm)

<use  "../Datasheets/MAX635.pdf"  page4>
File: ../Datasheets/MAX635.pdf Graphic file (type QTm)

<use  "../Datasheets/MAX635.pdf"  page4>
File: ../Datasheets/MAX635.pdf Graphic file (type QTm)

<use  "../Datasheets/MAX635.pdf"  page4> [89]
File: ../Datasheets/MAX635.pdf Graphic file (type QTm)

<use  "../Datasheets/MAX635.pdf"  page5>
File: ../Datasheets/MAX635.pdf Graphic file (type QTm)

<use  "../Datasheets/MAX635.pdf"  page5>
File: ../Datasheets/MAX635.pdf Graphic file (type QTm)

<use  "../Datasheets/MAX635.pdf"  page5> [90]
File: ../Datasheets/MAX635.pdf Graphic file (type QTm)

<use  "../Datasheets/MAX635.pdf"  page6>
File: ../Datasheets/MAX635.pdf Graphic file (type QTm)

<use  "../Datasheets/MAX635.pdf"  page6>
File: ../Datasheets/MAX635.pdf Graphic file (type QTm)

<use  "../Datasheets/MAX635.pdf"  page6> [91]
File: ../Datasheets/MAX635.pdf Graphic file (type QTm)

<use  "../Datasheets/MAX635.pdf"  page7>
File: ../Datasheets/MAX635.pdf Graphic file (type QTm)

<use  "../Datasheets/MAX635.pdf"  page7>
File: ../Datasheets/MAX635.pdf Graphic file (type QTm)

<use  "../Datasheets/MAX635.pdf"  page7> [92]
File: ../Datasheets/MAX635.pdf Graphic file (type QTm)

<use  "../Datasheets/MAX635.pdf"  page8>
File: ../Datasheets/MAX635.pdf Graphic file (type QTm)

<use  "../Datasheets/MAX635.pdf"  page8>
File: ../Datasheets/MAX635.pdf Graphic file (type QTm)

<use  "../Datasheets/MAX635.pdf"  page8> [93]
File: ../Datasheets/LT1006.pdf Graphic file (type QTm)

<use  "../Datasheets/LT1006.pdf" >
File: ../Datasheets/LT1006.pdf Graphic file (type QTm)
 <use  "../Datasheets/LT1006.pdf" >
File: ../Datasheets/LT1006.pdf Graphic file (type QTm)

<use  "../Datasheets/LT1006.pdf"  page1>

Package pdfpages Warning: Erroneous page width of 0.0pt is corrected.


Package pdfpages Warning: Erroneous page height of 0.0pt is corrected.

File: ../Datasheets/LT1006.pdf Graphic file (type QTm)
<use  "../Datasheets/LT1006.pdf"  page1>
File: ../Datasheets/LT1006.pdf Graphic file (type QTm)

<use  "../Datasheets/LT1006.pdf"  page1>
File: ../Datasheets/LT1006.pdf Graphic file (type QTm)

<use  "../Datasheets/LT1006.pdf"  page1>
File: ../Datasheets/LT1006.pdf Graphic file (type QTm)

<use  "../Datasheets/LT1006.pdf"  page1> [94]
File: ../Datasheets/LT1006.pdf Graphic file (type QTm)

<use  "../Datasheets/LT1006.pdf"  page2>
File: ../Datasheets/LT1006.pdf Graphic file (type QTm)

<use  "../Datasheets/LT1006.pdf"  page2>
File: ../Datasheets/LT1006.pdf Graphic file (type QTm)

<use  "../Datasheets/LT1006.pdf"  page2> [95]
File: ../Datasheets/LT1006.pdf Graphic file (type QTm)

<use  "../Datasheets/LT1006.pdf"  page3>
File: ../Datasheets/LT1006.pdf Graphic file (type QTm)

<use  "../Datasheets/LT1006.pdf"  page3>
File: ../Datasheets/LT1006.pdf Graphic file (type QTm)

<use  "../Datasheets/LT1006.pdf"  page3> [96]
File: ../Datasheets/LT1006.pdf Graphic file (type QTm)

<use  "../Datasheets/LT1006.pdf"  page4>
File: ../Datasheets/LT1006.pdf Graphic file (type QTm)

<use  "../Datasheets/LT1006.pdf"  page4>
File: ../Datasheets/LT1006.pdf Graphic file (type QTm)

<use  "../Datasheets/LT1006.pdf"  page4> [97]
File: ../Datasheets/LT1006.pdf Graphic file (type QTm)

<use  "../Datasheets/LT1006.pdf"  page5>
File: ../Datasheets/LT1006.pdf Graphic file (type QTm)

<use  "../Datasheets/LT1006.pdf"  page5>
File: ../Datasheets/LT1006.pdf Graphic file (type QTm)

<use  "../Datasheets/LT1006.pdf"  page5> [98]
File: ../Datasheets/LT1006.pdf Graphic file (type QTm)

<use  "../Datasheets/LT1006.pdf"  page6>
File: ../Datasheets/LT1006.pdf Graphic file (type QTm)

<use  "../Datasheets/LT1006.pdf"  page6>
File: ../Datasheets/LT1006.pdf Graphic file (type QTm)

<use  "../Datasheets/LT1006.pdf"  page6> [99]
File: ../Datasheets/LT1006.pdf Graphic file (type QTm)

<use  "../Datasheets/LT1006.pdf"  page7>
File: ../Datasheets/LT1006.pdf Graphic file (type QTm)

<use  "../Datasheets/LT1006.pdf"  page7>
File: ../Datasheets/LT1006.pdf Graphic file (type QTm)

<use  "../Datasheets/LT1006.pdf"  page7> [100]
File: ../Datasheets/LT1006.pdf Graphic file (type QTm)

<use  "../Datasheets/LT1006.pdf"  page8>
File: ../Datasheets/LT1006.pdf Graphic file (type QTm)

<use  "../Datasheets/LT1006.pdf"  page8>
File: ../Datasheets/LT1006.pdf Graphic file (type QTm)

<use  "../Datasheets/LT1006.pdf"  page8> [101]
File: ../Datasheets/LT1006.pdf Graphic file (type QTm)

<use  "../Datasheets/LT1006.pdf"  page9>
File: ../Datasheets/LT1006.pdf Graphic file (type QTm)

<use  "../Datasheets/LT1006.pdf"  page9>
File: ../Datasheets/LT1006.pdf Graphic file (type QTm)

<use  "../Datasheets/LT1006.pdf"  page9> [102]
File: ../Datasheets/LT1006.pdf Graphic file (type QTm)

<use  "../Datasheets/LT1006.pdf"  page10>
File: ../Datasheets/LT1006.pdf Graphic file (type QTm)

<use  "../Datasheets/LT1006.pdf"  page10>
File: ../Datasheets/LT1006.pdf Graphic file (type QTm)

<use  "../Datasheets/LT1006.pdf"  page10> [103]
File: ../Datasheets/LT1006.pdf Graphic file (type QTm)

<use  "../Datasheets/LT1006.pdf"  page11>
File: ../Datasheets/LT1006.pdf Graphic file (type QTm)

<use  "../Datasheets/LT1006.pdf"  page11>
File: ../Datasheets/LT1006.pdf Graphic file (type QTm)

<use  "../Datasheets/LT1006.pdf"  page11> [104]
File: ../Datasheets/LT1006.pdf Graphic file (type QTm)

<use  "../Datasheets/LT1006.pdf"  page12>
File: ../Datasheets/LT1006.pdf Graphic file (type QTm)

<use  "../Datasheets/LT1006.pdf"  page12>
File: ../Datasheets/LT1006.pdf Graphic file (type QTm)

<use  "../Datasheets/LT1006.pdf"  page12> [105]
File: ../Datasheets/LT1006.pdf Graphic file (type QTm)

<use  "../Datasheets/LT1006.pdf"  page13>
File: ../Datasheets/LT1006.pdf Graphic file (type QTm)

<use  "../Datasheets/LT1006.pdf"  page13>
File: ../Datasheets/LT1006.pdf Graphic file (type QTm)

<use  "../Datasheets/LT1006.pdf"  page13> [106]
File: ../Datasheets/LT1006.pdf Graphic file (type QTm)

<use  "../Datasheets/LT1006.pdf"  page14>
File: ../Datasheets/LT1006.pdf Graphic file (type QTm)

<use  "../Datasheets/LT1006.pdf"  page14>
File: ../Datasheets/LT1006.pdf Graphic file (type QTm)

<use  "../Datasheets/LT1006.pdf"  page14> [107]
File: ../Datasheets/LT1006.pdf Graphic file (type QTm)

<use  "../Datasheets/LT1006.pdf"  page15>
File: ../Datasheets/LT1006.pdf Graphic file (type QTm)

<use  "../Datasheets/LT1006.pdf"  page15>
File: ../Datasheets/LT1006.pdf Graphic file (type QTm)

<use  "../Datasheets/LT1006.pdf"  page15> [108]
File: ../Datasheets/LT1006.pdf Graphic file (type QTm)

<use  "../Datasheets/LT1006.pdf"  page16>
File: ../Datasheets/LT1006.pdf Graphic file (type QTm)

<use  "../Datasheets/LT1006.pdf"  page16>
File: ../Datasheets/LT1006.pdf Graphic file (type QTm)

<use  "../Datasheets/LT1006.pdf"  page16> [109]
File: ../Datasheets/mcp4725.pdf Graphic file (type QTm)

<use  "../Datasheets/mcp4725.pdf" >
File: ../Datasheets/mcp4725.pdf Graphic file (type QTm)
 <use  "../Datasheets/mcp4725.pdf" >
File: ../Datasheets/mcp4725.pdf Graphic file (type QTm)

<use  "../Datasheets/mcp4725.pdf" >
File: ../Datasheets/mcp4725.pdf Graphic file (type QTm)
 <use  "../Datasheets/mcp4725.pdf" >
File: ../Datasheets/mcp4725.pdf Graphic file (type QTm)

<use  "../Datasheets/mcp4725.pdf" >
File: ../Datasheets/mcp4725.pdf Graphic file (type QTm)
 <use  "../Datasheets/mcp4725.pdf"  page1>

Package pdfpages Warning: Erroneous page width of 0.0pt is corrected.


Package pdfpages Warning: Erroneous page height of 0.0pt is corrected.

File: ../Datasheets/mcp4725.pdf Graphic file (type QTm)
<use  "../Datasheets/mcp4725.pdf"  page1>
File: ../Datasheets/mcp4725.pdf Graphic file (type QTm)

<use  "../Datasheets/mcp4725.pdf"  page1>
File: ../Datasheets/mcp4725.pdf Graphic file (type QTm)

<use  "../Datasheets/mcp4725.pdf"  page1>
File: ../Datasheets/mcp4725.pdf Graphic file (type QTm)

<use  "../Datasheets/mcp4725.pdf"  page1> [110]
File: ../Datasheets/mcp4725.pdf Graphic file (type QTm)

<use  "../Datasheets/mcp4725.pdf"  page3>
File: ../Datasheets/mcp4725.pdf Graphic file (type QTm)

<use  "../Datasheets/mcp4725.pdf"  page3>
File: ../Datasheets/mcp4725.pdf Graphic file (type QTm)

<use  "../Datasheets/mcp4725.pdf"  page3> [111]
File: ../Datasheets/mcp4725.pdf Graphic file (type QTm)

<use  "../Datasheets/mcp4725.pdf"  page4>
File: ../Datasheets/mcp4725.pdf Graphic file (type QTm)

<use  "../Datasheets/mcp4725.pdf"  page4>
File: ../Datasheets/mcp4725.pdf Graphic file (type QTm)

<use  "../Datasheets/mcp4725.pdf"  page4> [112]
File: ../Datasheets/mcp4725.pdf Graphic file (type QTm)

<use  "../Datasheets/mcp4725.pdf"  page5>
File: ../Datasheets/mcp4725.pdf Graphic file (type QTm)

<use  "../Datasheets/mcp4725.pdf"  page5>
File: ../Datasheets/mcp4725.pdf Graphic file (type QTm)

<use  "../Datasheets/mcp4725.pdf"  page5> [113]
File: ../Datasheets/mcp4725.pdf Graphic file (type QTm)

<use  "../Datasheets/mcp4725.pdf"  page13>
File: ../Datasheets/mcp4725.pdf Graphic file (type QTm)

<use  "../Datasheets/mcp4725.pdf"  page13>
File: ../Datasheets/mcp4725.pdf Graphic file (type QTm)

<use  "../Datasheets/mcp4725.pdf"  page13> [114]
File: ../Datasheets/mcp4725.pdf Graphic file (type QTm)

<use  "../Datasheets/mcp4725.pdf"  page15>
File: ../Datasheets/mcp4725.pdf Graphic file (type QTm)

<use  "../Datasheets/mcp4725.pdf"  page15>
File: ../Datasheets/mcp4725.pdf Graphic file (type QTm)

<use  "../Datasheets/mcp4725.pdf"  page15> [115]
File: ../Datasheets/mcp4725.pdf Graphic file (type QTm)

<use  "../Datasheets/mcp4725.pdf"  page16>
File: ../Datasheets/mcp4725.pdf Graphic file (type QTm)

<use  "../Datasheets/mcp4725.pdf"  page16>
File: ../Datasheets/mcp4725.pdf Graphic file (type QTm)

<use  "../Datasheets/mcp4725.pdf"  page16> [116]
File: ../Datasheets/mcp4725.pdf Graphic file (type QTm)

<use  "../Datasheets/mcp4725.pdf"  page17>
File: ../Datasheets/mcp4725.pdf Graphic file (type QTm)

<use  "../Datasheets/mcp4725.pdf"  page17>
File: ../Datasheets/mcp4725.pdf Graphic file (type QTm)

<use  "../Datasheets/mcp4725.pdf"  page17> [117]
File: ../Datasheets/arduino_uno.pdf Graphic file (type QTm)

<use  "../Datasheets/arduino_uno.pdf" >
File: ../Datasheets/arduino_uno.pdf Graphic file (type QTm)

<use  "../Datasheets/arduino_uno.pdf" >
File: ../Datasheets/arduino_uno.pdf Graphic file (type QTm)

<use  "../Datasheets/arduino_uno.pdf"  page1>

Package pdfpages Warning: Erroneous page width of 0.0pt is corrected.


Package pdfpages Warning: Erroneous page height of 0.0pt is corrected.

File: ../Datasheets/arduino_uno.pdf Graphic file (type QTm)
<use  "../Datasheets/arduino_uno.pdf"  page1>
File: ../Datasheets/arduino_uno.pdf Graphic file (type QTm)

<use  "../Datasheets/arduino_uno.pdf"  page1>
File: ../Datasheets/arduino_uno.pdf Graphic file (type QTm)

<use  "../Datasheets/arduino_uno.pdf"  page1>
File: ../Datasheets/arduino_uno.pdf Graphic file (type QTm)

<use  "../Datasheets/arduino_uno.pdf"  page1> [118]
File: ../Datasheets/arduino_uno.pdf Graphic file (type QTm)

<use  "../Datasheets/arduino_uno.pdf"  page2>
File: ../Datasheets/arduino_uno.pdf Graphic file (type QTm)

<use  "../Datasheets/arduino_uno.pdf"  page2>
File: ../Datasheets/arduino_uno.pdf Graphic file (type QTm)

<use  "../Datasheets/arduino_uno.pdf"  page2> [119]
File: ../Datasheets/arduino_uno.pdf Graphic file (type QTm)

<use  "../Datasheets/arduino_uno.pdf"  page3>
File: ../Datasheets/arduino_uno.pdf Graphic file (type QTm)

<use  "../Datasheets/arduino_uno.pdf"  page3>
File: ../Datasheets/arduino_uno.pdf Graphic file (type QTm)

<use  "../Datasheets/arduino_uno.pdf"  page3> [120]
File: ../Datasheets/arduino_uno.pdf Graphic file (type QTm)

<use  "../Datasheets/arduino_uno.pdf"  page4>
File: ../Datasheets/arduino_uno.pdf Graphic file (type QTm)

<use  "../Datasheets/arduino_uno.pdf"  page4>
File: ../Datasheets/arduino_uno.pdf Graphic file (type QTm)

<use  "../Datasheets/arduino_uno.pdf"  page4> [121]
File: ../Datasheets/PSIN02512N.pdf Graphic file (type QTm)

<use  "../Datasheets/PSIN02512N.pdf" >
File: ../Datasheets/PSIN02512N.pdf Graphic file (type QTm)
 <use  "../Datasheets/PSIN02512N.pdf" >
File: ../Datasheets/PSIN02512N.pdf Graphic file (type QTm)

<use  "../Datasheets/PSIN02512N.pdf"  page1>

Package pdfpages Warning: Erroneous page width of 0.0pt is corrected.


Package pdfpages Warning: Erroneous page height of 0.0pt is corrected.

File: ../Datasheets/PSIN02512N.pdf Graphic file (type QTm)
<use  "../Datasheets/PSIN02512N.pdf"  page1>
File: ../Datasheets/PSIN02512N.pdf Graphic file (type QTm)

<use  "../Datasheets/PSIN02512N.pdf"  page1>
File: ../Datasheets/PSIN02512N.pdf Graphic file (type QTm)

<use  "../Datasheets/PSIN02512N.pdf"  page1>
File: ../Datasheets/PSIN02512N.pdf Graphic file (type QTm)

<use  "../Datasheets/PSIN02512N.pdf"  page1> [122]
File: ../Datasheets/PSIN02512N.pdf Graphic file (type QTm)

<use  "../Datasheets/PSIN02512N.pdf"  page2>
File: ../Datasheets/PSIN02512N.pdf Graphic file (type QTm)

<use  "../Datasheets/PSIN02512N.pdf"  page2>
File: ../Datasheets/PSIN02512N.pdf Graphic file (type QTm)

<use  "../Datasheets/PSIN02512N.pdf"  page2> [123]
File: ../Datasheets/AD8672.pdf Graphic file (type QTm)

<use  "../Datasheets/AD8672.pdf" >
File: ../Datasheets/AD8672.pdf Graphic file (type QTm)
 <use  "../Datasheets/AD8672.pdf" >
File: ../Datasheets/AD8672.pdf Graphic file (type QTm)

<use  "../Datasheets/AD8672.pdf"  page1>

Package pdfpages Warning: Erroneous page width of 0.0pt is corrected.


Package pdfpages Warning: Erroneous page height of 0.0pt is corrected.

File: ../Datasheets/AD8672.pdf Graphic file (type QTm)
<use  "../Datasheets/AD8672.pdf"  page1>
File: ../Datasheets/AD8672.pdf Graphic file (type QTm)

<use  "../Datasheets/AD8672.pdf"  page1>
File: ../Datasheets/AD8672.pdf Graphic file (type QTm)

<use  "../Datasheets/AD8672.pdf"  page1>
File: ../Datasheets/AD8672.pdf Graphic file (type QTm)

<use  "../Datasheets/AD8672.pdf"  page1> [124]
File: ../Datasheets/AD8672.pdf Graphic file (type QTm)

<use  "../Datasheets/AD8672.pdf"  page2>
File: ../Datasheets/AD8672.pdf Graphic file (type QTm)

<use  "../Datasheets/AD8672.pdf"  page2>
File: ../Datasheets/AD8672.pdf Graphic file (type QTm)

<use  "../Datasheets/AD8672.pdf"  page2> [125]
File: ../Datasheets/AD8672.pdf Graphic file (type QTm)

<use  "../Datasheets/AD8672.pdf"  page3>
File: ../Datasheets/AD8672.pdf Graphic file (type QTm)

<use  "../Datasheets/AD8672.pdf"  page3>
File: ../Datasheets/AD8672.pdf Graphic file (type QTm)

<use  "../Datasheets/AD8672.pdf"  page3> [126]
File: ../Datasheets/AD8672.pdf Graphic file (type QTm)

<use  "../Datasheets/AD8672.pdf"  page4>
File: ../Datasheets/AD8672.pdf Graphic file (type QTm)

<use  "../Datasheets/AD8672.pdf"  page4>
File: ../Datasheets/AD8672.pdf Graphic file (type QTm)

<use  "../Datasheets/AD8672.pdf"  page4> [127]
File: ../Datasheets/AD8672.pdf Graphic file (type QTm)

<use  "../Datasheets/AD8672.pdf"  page5>
File: ../Datasheets/AD8672.pdf Graphic file (type QTm)

<use  "../Datasheets/AD8672.pdf"  page5>
File: ../Datasheets/AD8672.pdf Graphic file (type QTm)

<use  "../Datasheets/AD8672.pdf"  page5> [128]
File: ../Datasheets/AD8672.pdf Graphic file (type QTm)

<use  "../Datasheets/AD8672.pdf"  page6>
File: ../Datasheets/AD8672.pdf Graphic file (type QTm)

<use  "../Datasheets/AD8672.pdf"  page6>
File: ../Datasheets/AD8672.pdf Graphic file (type QTm)

<use  "../Datasheets/AD8672.pdf"  page6> [129]
File: ../Datasheets/AD8672.pdf Graphic file (type QTm)

<use  "../Datasheets/AD8672.pdf"  page7>
File: ../Datasheets/AD8672.pdf Graphic file (type QTm)

<use  "../Datasheets/AD8672.pdf"  page7>
File: ../Datasheets/AD8672.pdf Graphic file (type QTm)

<use  "../Datasheets/AD8672.pdf"  page7> [130]
File: ../Datasheets/AD8672.pdf Graphic file (type QTm)

<use  "../Datasheets/AD8672.pdf"  page8>
File: ../Datasheets/AD8672.pdf Graphic file (type QTm)

<use  "../Datasheets/AD8672.pdf"  page8>
File: ../Datasheets/AD8672.pdf Graphic file (type QTm)

<use  "../Datasheets/AD8672.pdf"  page8> [131]
File: ../Datasheets/AD8672.pdf Graphic file (type QTm)

<use  "../Datasheets/AD8672.pdf"  page9>
File: ../Datasheets/AD8672.pdf Graphic file (type QTm)

<use  "../Datasheets/AD8672.pdf"  page9>
File: ..